{"logTime": "0428/192822", "correlationVector":"ce4b+seAcObS/Yh0fH2sin.1","action":"SyncServerConnectionManagerRequest", "result":"SYNC_SERVER_OK", "context":{"environment":"Prod_southindia_prod-s01-004-apac-southindia", "migrationStage":"NotStarted", "server":"akswtt104000001"}}
{"logTime": "0428/192822", "correlationVector":"ce4b+seAcObS/Yh0fH2sin.2","action":"GetUpdates Response", "result":"Success", "context":Received 0 update(s). cV=ce4b+seAcObS/Yh0fH2sin.0;server=akswtt104000001;cloudType=Consumer;environment=Prod_southindia_prod-s01-004-apac-southindia;migrationStage=NotStarted}
{"logTime": "0428/192822", "correlationVector":"hiymcwAILMLZevoaQV/Lku","action":"DoCompareDataConsistency requsted types: ", "result":"Bookmarks, Preferences, Passwords, Extensions, Extension settings, History Delete Directives, Send Tab To Self, Web Apps, History, Saved Tab Group, WebAuthn Credentials, Collection, Edge E Drop, Edge Wallet, Edge Workspace, Encryption Keys"}
{"logTime": "0428/192822", "correlationVector":"hiymcwAILMLZevoaQV/Lku.0","action":"CompareDataConsistency result: ", "result":"Compare result: Encryption Keys is consistent. local entities count is: 1 local entities hash is: EhMfu36hPs78uHPnTea/Qz1Y75Y="}
{"logTime": "0428/192822", "correlationVector":"hiymcwAILMLZevoaQV/Lku.1","action":"CompareDataConsistency result: ", "result":"Compare result: Bookmarks is consistent. local entities count is: 0 local entities hash is: "}
{"logTime": "0428/192822", "correlationVector":"hiymcwAILMLZevoaQV/Lku.2","action":"CompareDataConsistency result: ", "result":"Compare result: Preferences is consistent. local entities count is: 75 local entities hash is: HEXNlmUMs3uz+hCa9E1feSdqf0Q="}
{"logTime": "0428/192822", "correlationVector":"hiymcwAILMLZevoaQV/Lku.3","action":"CompareDataConsistency result: ", "result":"Compare result: Extensions is consistent. local entities count is: 0 local entities hash is: "}
{"logTime": "0428/192822", "correlationVector":"hiymcwAILMLZevoaQV/Lku.4","action":"CompareDataConsistency result: ", "result":"Compare result: Extension settings is consistent. local entities count is: 0 local entities hash is: "}
{"logTime": "0428/192822", "correlationVector":"hiymcwAILMLZevoaQV/Lku.5","action":"CompareDataConsistency result: ", "result":"Compare result: History Delete Directives is consistent. local entities count is: 0 local entities hash is: "}
{"logTime": "0428/192822", "correlationVector":"hiymcwAILMLZevoaQV/Lku.6","action":"CompareDataConsistency result: ", "result":"Server did not send this Send Tab To Self local entities count is: 0 local entities hash is: "}
{"logTime": "0428/192822", "correlationVector":"hiymcwAILMLZevoaQV/Lku.7","action":"CompareDataConsistency result: ", "result":"Compare result: Web Apps is consistent. local entities count is: 0 local entities hash is: "}
{"logTime": "0428/192822", "correlationVector":"hiymcwAILMLZevoaQV/Lku.8","action":"CompareDataConsistency result: ", "result":"Server did not send this History local entities count is: 0 local entities hash is: "}
{"logTime": "0428/192822", "correlationVector":"hiymcwAILMLZevoaQV/Lku.9","action":"CompareDataConsistency result: ", "result":"Compare result: Saved Tab Group is consistent. local entities count is: 0 local entities hash is: "}
{"logTime": "0428/192822", "correlationVector":"hiymcwAILMLZevoaQV/Lku.10","action":"CompareDataConsistency result: ", "result":"Server did not send this WebAuthn Credentials local entities count is: 0 local entities hash is: "}
{"logTime": "0428/192822", "correlationVector":"hiymcwAILMLZevoaQV/Lku.11","action":"CompareDataConsistency result: ", "result":"Compare result: Collection is consistent. local entities count is: 0 local entities hash is: "}
{"logTime": "0428/192822", "correlationVector":"hiymcwAILMLZevoaQV/Lku.12","action":"CompareDataConsistency result: ", "result":"Compare result: Edge E Drop is consistent. local entities count is: 0 local entities hash is: "}
{"logTime": "0428/192822", "correlationVector":"hiymcwAILMLZevoaQV/Lku.13","action":"CompareDataConsistency result: ", "result":"Compare result: Edge Wallet is consistent. local entities count is: 0 local entities hash is: "}
{"logTime": "0428/192822", "correlationVector":"hiymcwAILMLZevoaQV/Lku.14","action":"CompareDataConsistency result: ", "result":"Server did not send this Edge Workspace local entities count is: 0 local entities hash is: "}
{"logTime": "0428/192822", "correlationVector":"hiymcwAILMLZevoaQV/Lku.15","action":"CompareDataConsistency result: ", "result":"Compare result: Passwords is consistent. local entities count is: 5 local entities hash is: sEl4MwrA7M4rV2l3AyX1av/RVCE="}
{"logTime": "0428/192822", "correlationVector":"4eHz9/4GOd2o8Gc1MugEWf","action":"Commit Request", "result":"", "context":Item count: 3
Contributing types: Sessions, Device Info}
{"logTime": "0428/192823", "correlationVector":"4eHz9/4GOd2o8Gc1MugEWf.1","action":"SyncServerConnectionManagerRequest", "result":"SYNC_SERVER_OK", "context":{"environment":"Prod_southindia_prod-s01-004-apac-southindia", "migrationStage":"NotStarted", "server":"akswtt10400001e"}}
{"logTime": "0428/192823", "correlationVector":"4eHz9/4GOd2o8Gc1MugEWf.2","action":"Commit Response", "result":"Success", "context":Result: Success. cV=4eHz9/4GOd2o8Gc1MugEWf.0;server=akswtt10400001e;cloudType=Consumer;environment=Prod_southindia_prod-s01-004-apac-southindia;migrationStage=NotStarted}
{"logTime": "0428/192823", "correlationVector":"","action":"DIAGNOSTIC_REQUEST|v1/diagnosticData/Diagnostic.SendCheckResult()|SUCCESS", "result":""}
{"logTime": "0428/192924", "correlationVector":"ZS1urM9VT5VvZcPmK10gsn","action":"Commit Request", "result":"", "context":Item count: 2
Contributing types: Sessions, History}
{"logTime": "0428/192924", "correlationVector":"ZS1urM9VT5VvZcPmK10gsn.1","action":"SyncServerConnectionManagerRequest", "result":"SYNC_SERVER_OK", "context":{"environment":"Prod_southindia_prod-s01-004-apac-southindia", "migrationStage":"NotStarted", "server":"akswtt10400000z"}}
{"logTime": "0428/192924", "correlationVector":"ZS1urM9VT5VvZcPmK10gsn.2","action":"Commit Response", "result":"Success", "context":Result: Success. cV=ZS1urM9VT5VvZcPmK10gsn.0;server=akswtt10400000z;cloudType=Consumer;environment=Prod_southindia_prod-s01-004-apac-southindia;migrationStage=NotStarted}
{"logTime": "0428/193707", "correlationVector":"igLp+pLNMpWmdSjVLCQPbT.1","action":"SyncServerConnectionManagerRequest", "result":"SYNC_SERVER_OK", "context":{"environment":"Prod_southindia_prod-s01-004-apac-southindia", "migrationStage":"NotStarted", "server":"akswtt10400001i"}}
{"logTime": "0428/193707", "correlationVector":"igLp+pLNMpWmdSjVLCQPbT.2","action":"ProcessGetUpdates", "result":"Done", "context":{"dataType":"Encryption Keys", "deleted":"0", "process_failed_to_decrypt":"0", "process_pending_decryption":"0", "process_success":"1", "total":"1"}}
{"logTime": "0428/193708", "correlationVector":"yiWpelcqQ0mKJS1p8mO3Ko","action":"SyncServerConnectionManagerRequest", "result":"SYNC_SERVER_OK", "context":{"environment":"", "migrationStage":"", "server":""}}
{"logTime": "0428/193708", "correlationVector":"yiWpelcqQ0mKJS1p8mO3Ko.0","action":"EncryptionKeysFetcher.DownloadKeys:", "result":"Success", "context":Key count: 4, Last key timestamp: 2026-04-21T05:02:50Z}
{"logTime": "0428/193708", "correlationVector":"yiWpelcqQ0mKJS1p8mO3Ko.1","action":"EncryptionKeysManager::SetEncryptionKeys:", "result":"Success", "context":Key names[4]:[le3peDdwfNAzvoLfsI9aceb591Q1WsoJQFPM5wHKsT/64GVyf4To2wy9UTt1OrTBbp7sExRMYaIqP7eg+X1QQw==][aa6TpowVx8YPdhaHTblo+Tj8qM8Zt5HiCC61vHsyWugIBVUP1ujvBYn1UnhHw5Ntt03ry6pI417LVkE+t1UDOQ==][z2hmM4bY4CA35v0FgtSNIzk0ORQSLGE4RLcgM0c+B1xtTPCL+17MlOxs+dQLK4BPkGJz8iKg0dG5c3OH9XHbbA==][bS2RYSfc3pa5KcsojSoufXCklTivhxreZRw9fWaEs1CB9Vwwf7c4AHBCeFOI5BkpJYAd/OmVSFGK+R+S06T+jw==]}
{"logTime": "0428/193708", "correlationVector":"yiWpelcqQ0mKJS1p8mO3Ko.2","action":"EncryptionKeysManager::SetEncryptionKeysWithTimestamps:", "result":"Success", "context":Key timestamps[4]:[2024-10-26T01:57:27Z][2025-04-24T17:36:04Z][2025-10-22T15:44:39Z][2026-04-21T05:02:50Z]}
{"logTime": "0428/193708", "correlationVector":"igLp+pLNMpWmdSjVLCQPbT","action":"Initial GetUpdates", "result":"", "context":Reason: NEW_CLIENT. cV=igLp+pLNMpWmdSjVLCQPbT}
{"logTime": "0428/193708", "correlationVector":"igLp+pLNMpWmdSjVLCQPbT.3","action":"GetUpdates Response", "result":"Success", "context":Received 1 update(s). cV=igLp+pLNMpWmdSjVLCQPbT.0;server=akswtt10400001i;cloudType=Consumer;environment=Prod_southindia_prod-s01-004-apac-southindia;migrationStage=NotStarted}
{"logTime": "0428/193708", "correlationVector":"ADwfyMiNzS4ADMnF/AuIjz","action":"Initial GetUpdates", "result":"", "context":Reason: NEWLY_SUPPORTED_DATATYPE. cV=ADwfyMiNzS4ADMnF/AuIjz}
{"logTime": "0428/193708", "correlationVector":"ADwfyMiNzS4ADMnF/AuIjz.1","action":"SyncServerConnectionManagerRequest", "result":"SYNC_SERVER_OK", "context":{"environment":"Prod_southindia_prod-s01-004-apac-southindia", "migrationStage":"NotStarted", "server":"akswtt10400000a"}}
{"logTime": "0428/193708", "correlationVector":"ADwfyMiNzS4ADMnF/AuIjz.2","action":"ProcessGetUpdates", "result":"Done", "context":{"dataType":"Passwords", "deleted":"0", "process_failed_to_decrypt":"0", "process_pending_decryption":"0", "process_success":"5", "total":"5"}}
{"logTime": "0428/193708", "correlationVector":"ADwfyMiNzS4ADMnF/AuIjz.3","action":"GetUpdates Response", "result":"Success", "context":Received 5 update(s). cV=ADwfyMiNzS4ADMnF/AuIjz.0;server=akswtt10400000a;cloudType=Consumer;environment=Prod_southindia_prod-s01-004-apac-southindia;migrationStage=NotStarted}
{"logTime": "0428/193708", "correlationVector":"dkFT/ITSP0djIRDgYgRFn2","action":"Normal GetUpdate request", "result":"", "context":cV=dkFT/ITSP0djIRDgYgRFn2
Nudged types: Sessions, Device Info, History
Refresh requested types: Bookmarks, Preferences, Passwords, Autofill Profiles, Autofill, Extensions, Sessions, Extension settings, History Delete Directives, Device Info, User Consents, Send Tab To Self, Web Apps, History, Saved Tab Group, WebAuthn Credentials, Collection, Edge E Drop, Edge Hub App Usage, Edge Wallet, Edge Workspace, Encryption Keys}
{"logTime": "0428/193708", "correlationVector":"dkFT/ITSP0djIRDgYgRFn2.1","action":"SyncServerConnectionManagerRequest", "result":"SYNC_SERVER_OK", "context":{"environment":"Prod_southindia_prod-s01-004-apac-southindia", "migrationStage":"NotStarted", "server":"akswtt10400000k"}}
{"logTime": "0428/193708", "correlationVector":"dkFT/ITSP0djIRDgYgRFn2.2","action":"ProcessGetUpdates", "result":"Done", "context":{"dataType":"Sessions", "deleted":"0", "process_failed_to_decrypt":"0", "process_pending_decryption":"0", "process_success":"5", "total":"5"}}
{"logTime": "0428/193708", "correlationVector":"dkFT/ITSP0djIRDgYgRFn2.3","action":"ProcessGetUpdates", "result":"Done", "context":{"dataType":"Device Info", "deleted":"0", "process_failed_to_decrypt":"0", "process_pending_decryption":"0", "process_success":"1", "total":"1"}}
{"logTime": "0428/193708", "correlationVector":"dkFT/ITSP0djIRDgYgRFn2.4","action":"ProcessGetUpdates", "result":"Done", "context":{"dataType":"History", "deleted":"0", "process_failed_to_decrypt":"0", "process_pending_decryption":"0", "process_success":"1", "total":"1"}}
{"logTime": "0428/193708", "correlationVector":"dkFT/ITSP0djIRDgYgRFn2.5","action":"GetUpdates Response", "result":"Success", "context":Received 7 update(s). cV=dkFT/ITSP0djIRDgYgRFn2.0;server=akswtt10400000k;cloudType=Consumer;environment=Prod_southindia_prod-s01-004-apac-southindia;migrationStage=NotStarted}
{"logTime": "0428/193709", "correlationVector":"MpXL11gTJWvtPthZ06h+U7","action":"Commit Request", "result":"", "context":Item count: 4
Contributing types: Sessions, Device Info, History}
{"logTime": "0428/193709", "correlationVector":"MpXL11gTJWvtPthZ06h+U7.1","action":"SyncServerConnectionManagerRequest", "result":"SYNC_SERVER_OK", "context":{"environment":"Prod_southindia_prod-s01-004-apac-southindia", "migrationStage":"NotStarted", "server":"akswtt10400000v"}}
{"logTime": "0428/193709", "correlationVector":"MpXL11gTJWvtPthZ06h+U7.2","action":"Commit Response", "result":"Success", "context":Result: Success. cV=MpXL11gTJWvtPthZ06h+U7.0;server=akswtt10400000v;cloudType=Consumer;environment=Prod_southindia_prod-s01-004-apac-southindia;migrationStage=NotStarted}
{"logTime": "0428/193812", "correlationVector":"kfpJpPYCurbmixp6gjvcq1","action":"Commit Request", "result":"", "context":Item count: 2
Contributing types: Sessions, History}
{"logTime": "0428/193812", "correlationVector":"kfpJpPYCurbmixp6gjvcq1.1","action":"SyncServerConnectionManagerRequest", "result":"SYNC_SERVER_OK", "context":{"environment":"Prod_southindia_prod-s01-004-apac-southindia", "migrationStage":"NotStarted", "server":"akswtt10400000c"}}
{"logTime": "0428/193812", "correlationVector":"kfpJpPYCurbmixp6gjvcq1.2","action":"Commit Response", "result":"Success", "context":Result: Success. cV=kfpJpPYCurbmixp6gjvcq1.0;server=akswtt10400000c;cloudType=Consumer;environment=Prod_southindia_prod-s01-004-apac-southindia;migrationStage=NotStarted}
{"logTime": "0428/194417", "correlationVector":"fpRm2+A7x9Nnk5HQW84/LG.1","action":"SyncServerConnectionManagerRequest", "result":"SYNC_SERVER_OK", "context":{"environment":"Prod_southindia_prod-s01-004-apac-southindia", "migrationStage":"NotStarted", "server":"akswtt10400000n"}}
{"logTime": "0428/194417", "correlationVector":"fpRm2+A7x9Nnk5HQW84/LG.2","action":"ProcessGetUpdates", "result":"Done", "context":{"dataType":"Encryption Keys", "deleted":"0", "process_failed_to_decrypt":"0", "process_pending_decryption":"0", "process_success":"1", "total":"1"}}
{"logTime": "0428/194420", "correlationVector":"3632xCZofEbptw8rVN2C/V","action":"SyncServerConnectionManagerRequest", "result":"SYNC_SERVER_OK", "context":{"environment":"", "migrationStage":"", "server":""}}
{"logTime": "0428/194420", "correlationVector":"3632xCZofEbptw8rVN2C/V.0","action":"EncryptionKeysFetcher.DownloadKeys:", "result":"Success", "context":Key count: 4, Last key timestamp: 2026-04-21T05:02:50Z}
{"logTime": "0428/194420", "correlationVector":"3632xCZofEbptw8rVN2C/V.1","action":"EncryptionKeysManager::SetEncryptionKeys:", "result":"Success", "context":Key names[4]:[le3peDdwfNAzvoLfsI9aceb591Q1WsoJQFPM5wHKsT/64GVyf4To2wy9UTt1OrTBbp7sExRMYaIqP7eg+X1QQw==][aa6TpowVx8YPdhaHTblo+Tj8qM8Zt5HiCC61vHsyWugIBVUP1ujvBYn1UnhHw5Ntt03ry6pI417LVkE+t1UDOQ==][z2hmM4bY4CA35v0FgtSNIzk0ORQSLGE4RLcgM0c+B1xtTPCL+17MlOxs+dQLK4BPkGJz8iKg0dG5c3OH9XHbbA==][bS2RYSfc3pa5KcsojSoufXCklTivhxreZRw9fWaEs1CB9Vwwf7c4AHBCeFOI5BkpJYAd/OmVSFGK+R+S06T+jw==]}
{"logTime": "0428/194420", "correlationVector":"3632xCZofEbptw8rVN2C/V.2","action":"EncryptionKeysManager::SetEncryptionKeysWithTimestamps:", "result":"Success", "context":Key timestamps[4]:[2024-10-26T01:57:27Z][2025-04-24T17:36:04Z][2025-10-22T15:44:39Z][2026-04-21T05:02:50Z]}
{"logTime": "0428/194420", "correlationVector":"fpRm2+A7x9Nnk5HQW84/LG","action":"Initial GetUpdates", "result":"", "context":Reason: NEW_CLIENT. cV=fpRm2+A7x9Nnk5HQW84/LG}
{"logTime": "0428/194420", "correlationVector":"fpRm2+A7x9Nnk5HQW84/LG.3","action":"GetUpdates Response", "result":"Success", "context":Received 1 update(s). cV=fpRm2+A7x9Nnk5HQW84/LG.0;server=akswtt10400000n;cloudType=Consumer;environment=Prod_southindia_prod-s01-004-apac-southindia;migrationStage=NotStarted}
{"logTime": "0428/194420", "correlationVector":"iqabTmh+s6e3iuroYBIvz/","action":"Initial GetUpdates", "result":"", "context":Reason: NEWLY_SUPPORTED_DATATYPE. cV=iqabTmh+s6e3iuroYBIvz/}
{"logTime": "0428/194420", "correlationVector":"iqabTmh+s6e3iuroYBIvz/.1","action":"SyncServerConnectionManagerRequest", "result":"SYNC_SERVER_OK", "context":{"environment":"Prod_southindia_prod-s01-004-apac-southindia", "migrationStage":"NotStarted", "server":"akswtt104000003"}}
{"logTime": "0428/194420", "correlationVector":"iqabTmh+s6e3iuroYBIvz/.2","action":"ProcessGetUpdates", "result":"Done", "context":{"dataType":"Preferences", "deleted":"0", "process_failed_to_decrypt":"0", "process_pending_decryption":"0", "process_success":"75", "total":"75"}}
{"logTime": "0428/194420", "correlationVector":"iqabTmh+s6e3iuroYBIvz/.3","action":"ProcessGetUpdates", "result":"Done", "context":{"dataType":"Passwords", "deleted":"0", "process_failed_to_decrypt":"0", "process_pending_decryption":"0", "process_success":"5", "total":"5"}}
{"logTime": "0428/194420", "correlationVector":"iqabTmh+s6e3iuroYBIvz/.4","action":"ProcessGetUpdates", "result":"Done", "context":{"dataType":"Device Info", "deleted":"0", "process_failed_to_decrypt":"0", "process_pending_decryption":"0", "process_success":"5", "total":"5"}}
{"logTime": "0428/194420", "correlationVector":"iqabTmh+s6e3iuroYBIvz/.5","action":"GetUpdates Response", "result":"Success", "context":Received 85 update(s). cV=iqabTmh+s6e3iuroYBIvz/.0;server=akswtt104000003;cloudType=Consumer;environment=Prod_southindia_prod-s01-004-apac-southindia;migrationStage=NotStarted}
{"logTime": "0428/194420", "correlationVector":"Mo9JQ6Imbb4bKwPW+mdtqq","action":"Initial GetUpdates", "result":"", "context":Reason: NEWLY_SUPPORTED_DATATYPE. cV=Mo9JQ6Imbb4bKwPW+mdtqq}
{"logTime": "0428/194420", "correlationVector":"Mo9JQ6Imbb4bKwPW+mdtqq.1","action":"SyncServerConnectionManagerRequest", "result":"SYNC_SERVER_OK", "context":{"environment":"Prod_southindia_prod-s01-004-apac-southindia", "migrationStage":"NotStarted", "server":"akswtt10400000s"}}
{"logTime": "0428/194420", "correlationVector":"Mo9JQ6Imbb4bKwPW+mdtqq.2","action":"ProcessGetUpdates", "result":"Done", "context":{"dataType":"Bookmarks", "deleted":"0", "process_failed_to_decrypt":"0", "process_pending_decryption":"0", "process_success":"6", "total":"6"}}
{"logTime": "0428/194420", "correlationVector":"Mo9JQ6Imbb4bKwPW+mdtqq.3","action":"GetUpdates Response", "result":"Success", "context":Received 6 update(s). cV=Mo9JQ6Imbb4bKwPW+mdtqq.0;server=akswtt10400000s;cloudType=Consumer;environment=Prod_southindia_prod-s01-004-apac-southindia;migrationStage=NotStarted}
{"logTime": "0428/194420", "correlationVector":"zCuCmgmaktMtu9kmLCPDo5","action":"Initial GetUpdates", "result":"", "context":Reason: NEWLY_SUPPORTED_DATATYPE. cV=zCuCmgmaktMtu9kmLCPDo5}
{"logTime": "0428/194421", "correlationVector":"zCuCmgmaktMtu9kmLCPDo5.1","action":"SyncServerConnectionManagerRequest", "result":"SYNC_SERVER_OK", "context":{"environment":"Prod_southindia_prod-s01-004-apac-southindia", "migrationStage":"NotStarted", "server":"akswtt10400000n"}}
{"logTime": "0428/194421", "correlationVector":"zCuCmgmaktMtu9kmLCPDo5.2","action":"ProcessGetUpdates", "result":"Done", "context":{"dataType":"Autofill", "deleted":"0", "process_failed_to_decrypt":"0", "process_pending_decryption":"0", "process_success":"108", "total":"108"}}
{"logTime": "0428/194421", "correlationVector":"zCuCmgmaktMtu9kmLCPDo5.3","action":"ProcessGetUpdates", "result":"Done", "context":{"dataType":"Sessions", "deleted":"141", "process_failed_to_decrypt":"0", "process_pending_decryption":"0", "process_success":"141", "total":"141"}}
{"logTime": "0428/194421", "correlationVector":"zCuCmgmaktMtu9kmLCPDo5.4","action":"ProcessGetUpdates", "result":"Done", "context":{"dataType":"Edge Hub App Usage", "deleted":"0", "process_failed_to_decrypt":"0", "process_pending_decryption":"0", "process_success":"1", "total":"1"}}
{"logTime": "0428/194421", "correlationVector":"zCuCmgmaktMtu9kmLCPDo5.5","action":"GetUpdates Response", "result":"Success", "context":Received 250 update(s). cV=zCuCmgmaktMtu9kmLCPDo5.0;server=akswtt10400000n;cloudType=Consumer;environment=Prod_southindia_prod-s01-004-apac-southindia;migrationStage=NotStarted Some updates remain.}
{"logTime": "0428/194421", "correlationVector":"vuHInUpCvY8ISEIS/p+D5s","action":"Initial GetUpdates", "result":"", "context":Reason: NEWLY_SUPPORTED_DATATYPE. cV=vuHInUpCvY8ISEIS/p+D5s}
{"logTime": "0428/194421", "correlationVector":"vuHInUpCvY8ISEIS/p+D5s.1","action":"SyncServerConnectionManagerRequest", "result":"SYNC_SERVER_OK", "context":{"environment":"Prod_southindia_prod-s01-004-apac-southindia", "migrationStage":"NotStarted", "server":"akswtt10400000a"}}
{"logTime": "0428/194421", "correlationVector":"vuHInUpCvY8ISEIS/p+D5s.2","action":"ProcessGetUpdates", "result":"Done", "context":{"dataType":"Sessions", "deleted":"244", "process_failed_to_decrypt":"0", "process_pending_decryption":"0", "process_success":"244", "total":"244"}}
{"logTime": "0428/194421", "correlationVector":"vuHInUpCvY8ISEIS/p+D5s.3","action":"ProcessGetUpdates", "result":"Done", "context":{"dataType":"Edge Hub App Usage", "deleted":"4", "process_failed_to_decrypt":"0", "process_pending_decryption":"0", "process_success":"6", "total":"6"}}
{"logTime": "0428/194421", "correlationVector":"vuHInUpCvY8ISEIS/p+D5s.4","action":"GetUpdates Response", "result":"Success", "context":Received 250 update(s). cV=vuHInUpCvY8ISEIS/p+D5s.0;server=akswtt10400000a;cloudType=Consumer;environment=Prod_southindia_prod-s01-004-apac-southindia;migrationStage=NotStarted Some updates remain.}
{"logTime": "0428/194421", "correlationVector":"rt5/U9lJyJeLt/C29mRv/Q","action":"Initial GetUpdates", "result":"", "context":Reason: NEWLY_SUPPORTED_DATATYPE. cV=rt5/U9lJyJeLt/C29mRv/Q}
{"logTime": "0428/194421", "correlationVector":"rt5/U9lJyJeLt/C29mRv/Q.1","action":"SyncServerConnectionManagerRequest", "result":"SYNC_SERVER_OK", "context":{"environment":"Prod_southindia_prod-s01-004-apac-southindia", "migrationStage":"NotStarted", "server":"akswtt10400000s"}}
{"logTime": "0428/194421", "correlationVector":"rt5/U9lJyJeLt/C29mRv/Q.2","action":"ProcessGetUpdates", "result":"Done", "context":{"dataType":"Autofill Profiles", "deleted":"12", "process_failed_to_decrypt":"0", "process_pending_decryption":"0", "process_success":"12", "total":"12"}}
{"logTime": "0428/194421", "correlationVector":"rt5/U9lJyJeLt/C29mRv/Q.3","action":"ProcessGetUpdates", "result":"Done", "context":{"dataType":"Sessions", "deleted":"235", "process_failed_to_decrypt":"0", "process_pending_decryption":"0", "process_success":"235", "total":"235"}}
{"logTime": "0428/194421", "correlationVector":"rt5/U9lJyJeLt/C29mRv/Q.4","action":"ProcessGetUpdates", "result":"Done", "context":{"dataType":"Edge Hub App Usage", "deleted":"2", "process_failed_to_decrypt":"0", "process_pending_decryption":"0", "process_success":"3", "total":"3"}}
{"logTime": "0428/194421", "correlationVector":"rt5/U9lJyJeLt/C29mRv/Q.5","action":"GetUpdates Response", "result":"Success", "context":Received 250 update(s). cV=rt5/U9lJyJeLt/C29mRv/Q.0;server=akswtt10400000s;cloudType=Consumer;environment=Prod_southindia_prod-s01-004-apac-southindia;migrationStage=NotStarted Some updates remain.}
{"logTime": "0428/194421", "correlationVector":"kmoffxZdqU+fMbl81SdNtO","action":"Initial GetUpdates", "result":"", "context":Reason: NEWLY_SUPPORTED_DATATYPE. cV=kmoffxZdqU+fMbl81SdNtO}
{"logTime": "0428/194422", "correlationVector":"kmoffxZdqU+fMbl81SdNtO.1","action":"SyncServerConnectionManagerRequest", "result":"SYNC_SERVER_OK", "context":{"environment":"Prod_southindia_prod-s01-004-apac-southindia", "migrationStage":"NotStarted", "server":"akswtt10400000a"}}
{"logTime": "0428/194422", "correlationVector":"kmoffxZdqU+fMbl81SdNtO.2","action":"ProcessGetUpdates", "result":"Done", "context":{"dataType":"Autofill Profiles", "deleted":"5", "process_failed_to_decrypt":"0", "process_pending_decryption":"0", "process_success":"28", "total":"28"}}
{"logTime": "0428/194422", "correlationVector":"kmoffxZdqU+fMbl81SdNtO.3","action":"ProcessGetUpdates", "result":"Done", "context":{"dataType":"Autofill", "deleted":"0", "process_failed_to_decrypt":"0", "process_pending_decryption":"0", "process_success":"190", "total":"190"}}
{"logTime": "0428/194422", "correlationVector":"kmoffxZdqU+fMbl81SdNtO.4","action":"ProcessGetUpdates", "result":"Done", "context":{"dataType":"Sessions", "deleted":"29", "process_failed_to_decrypt":"0", "process_pending_decryption":"0", "process_success":"29", "total":"29"}}
{"logTime": "0428/194422", "correlationVector":"kmoffxZdqU+fMbl81SdNtO.5","action":"ProcessGetUpdates", "result":"Done", "context":{"dataType":"Edge Hub App Usage", "deleted":"3", "process_failed_to_decrypt":"0", "process_pending_decryption":"0", "process_success":"3", "total":"3"}}
{"logTime": "0428/194422", "correlationVector":"kmoffxZdqU+fMbl81SdNtO.6","action":"GetUpdates Response", "result":"Success", "context":Received 250 update(s). cV=kmoffxZdqU+fMbl81SdNtO.0;server=akswtt10400000a;cloudType=Consumer;environment=Prod_southindia_prod-s01-004-apac-southindia;migrationStage=NotStarted Some updates remain.}
{"logTime": "0428/194422", "correlationVector":"JJ4ep2+Id9fP7LA6QJQs0O","action":"Initial GetUpdates", "result":"", "context":Reason: NEWLY_SUPPORTED_DATATYPE. cV=JJ4ep2+Id9fP7LA6QJQs0O}
{"logTime": "0428/194422", "correlationVector":"JJ4ep2+Id9fP7LA6QJQs0O.1","action":"SyncServerConnectionManagerRequest", "result":"SYNC_SERVER_OK", "context":{"environment":"Prod_southindia_prod-s01-004-apac-southindia", "migrationStage":"NotStarted", "server":"akswtt104000004"}}
{"logTime": "0428/194422", "correlationVector":"JJ4ep2+Id9fP7LA6QJQs0O.2","action":"ProcessGetUpdates", "result":"Done", "context":{"dataType":"Autofill", "deleted":"0", "process_failed_to_decrypt":"0", "process_pending_decryption":"0", "process_success":"250", "total":"250"}}
{"logTime": "0428/194422", "correlationVector":"JJ4ep2+Id9fP7LA6QJQs0O.3","action":"GetUpdates Response", "result":"Success", "context":Received 250 update(s). cV=JJ4ep2+Id9fP7LA6QJQs0O.0;server=akswtt104000004;cloudType=Consumer;environment=Prod_southindia_prod-s01-004-apac-southindia;migrationStage=NotStarted Some updates remain.}
{"logTime": "0428/194422", "correlationVector":"s2jiGMox6GzPA+BsPGuqNk","action":"Initial GetUpdates", "result":"", "context":Reason: NEWLY_SUPPORTED_DATATYPE. cV=s2jiGMox6GzPA+BsPGuqNk}
{"logTime": "0428/194423", "correlationVector":"s2jiGMox6GzPA+BsPGuqNk.1","action":"SyncServerConnectionManagerRequest", "result":"SYNC_SERVER_OK", "context":{"environment":"Prod_southindia_prod-s01-004-apac-southindia", "migrationStage":"NotStarted", "server":"akswtt10400000a"}}
{"logTime": "0428/194423", "correlationVector":"s2jiGMox6GzPA+BsPGuqNk.2","action":"ProcessGetUpdates", "result":"Done", "context":{"dataType":"Autofill", "deleted":"0", "process_failed_to_decrypt":"0", "process_pending_decryption":"0", "process_success":"250", "total":"250"}}
{"logTime": "0428/194423", "correlationVector":"s2jiGMox6GzPA+BsPGuqNk.3","action":"GetUpdates Response", "result":"Success", "context":Received 250 update(s). cV=s2jiGMox6GzPA+BsPGuqNk.0;server=akswtt10400000a;cloudType=Consumer;environment=Prod_southindia_prod-s01-004-apac-southindia;migrationStage=NotStarted Some updates remain.}
{"logTime": "0428/194423", "correlationVector":"0eIRUhM6aGjJnUEfeeF39u","action":"Initial GetUpdates", "result":"", "context":Reason: NEWLY_SUPPORTED_DATATYPE. cV=0eIRUhM6aGjJnUEfeeF39u}
{"logTime": "0428/194424", "correlationVector":"0eIRUhM6aGjJnUEfeeF39u.1","action":"SyncServerConnectionManagerRequest", "result":"SYNC_SERVER_OK", "context":{"environment":"Prod_southindia_prod-s01-004-apac-southindia", "migrationStage":"NotStarted", "server":"akswtt104000004"}}
{"logTime": "0428/194424", "correlationVector":"0eIRUhM6aGjJnUEfeeF39u.2","action":"ProcessGetUpdates", "result":"Done", "context":{"dataType":"Autofill Profiles", "deleted":"0", "process_failed_to_decrypt":"0", "process_pending_decryption":"0", "process_success":"1", "total":"1"}}
{"logTime": "0428/194424", "correlationVector":"0eIRUhM6aGjJnUEfeeF39u.3","action":"ProcessGetUpdates", "result":"Done", "context":{"dataType":"Autofill", "deleted":"0", "process_failed_to_decrypt":"0", "process_pending_decryption":"0", "process_success":"235", "total":"235"}}
{"logTime": "0428/194424", "correlationVector":"0eIRUhM6aGjJnUEfeeF39u.4","action":"ProcessGetUpdates", "result":"Done", "context":{"dataType":"Sessions", "deleted":"14", "process_failed_to_decrypt":"0", "process_pending_decryption":"0", "process_success":"14", "total":"14"}}
{"logTime": "0428/194424", "correlationVector":"0eIRUhM6aGjJnUEfeeF39u.5","action":"GetUpdates Response", "result":"Success", "context":Received 250 update(s). cV=0eIRUhM6aGjJnUEfeeF39u.0;server=akswtt104000004;cloudType=Consumer;environment=Prod_southindia_prod-s01-004-apac-southindia;migrationStage=NotStarted Some updates remain.}
{"logTime": "0428/194424", "correlationVector":"og48Xs3hyF6/RIiRV7Sc4a","action":"Initial GetUpdates", "result":"", "context":Reason: NEWLY_SUPPORTED_DATATYPE. cV=og48Xs3hyF6/RIiRV7Sc4a}
{"logTime": "0428/194424", "correlationVector":"og48Xs3hyF6/RIiRV7Sc4a.1","action":"SyncServerConnectionManagerRequest", "result":"SYNC_SERVER_OK", "context":{"environment":"Prod_southindia_prod-s01-004-apac-southindia", "migrationStage":"NotStarted", "server":"akswtt10400000b"}}
{"logTime": "0428/194424", "correlationVector":"og48Xs3hyF6/RIiRV7Sc4a.2","action":"ProcessGetUpdates", "result":"Done", "context":{"dataType":"Autofill Profiles", "deleted":"0", "process_failed_to_decrypt":"0", "process_pending_decryption":"0", "process_success":"1", "total":"1"}}
{"logTime": "0428/194424", "correlationVector":"og48Xs3hyF6/RIiRV7Sc4a.3","action":"ProcessGetUpdates", "result":"Done", "context":{"dataType":"Autofill", "deleted":"0", "process_failed_to_decrypt":"0", "process_pending_decryption":"0", "process_success":"1", "total":"1"}}
{"logTime": "0428/194424", "correlationVector":"og48Xs3hyF6/RIiRV7Sc4a.4","action":"ProcessGetUpdates", "result":"Done", "context":{"dataType":"Sessions", "deleted":"44", "process_failed_to_decrypt":"0", "process_pending_decryption":"0", "process_success":"55", "total":"55"}}
{"logTime": "0428/194424", "correlationVector":"og48Xs3hyF6/RIiRV7Sc4a.5","action":"ProcessGetUpdates", "result":"Done", "context":{"dataType":"Edge Hub App Usage", "deleted":"0", "process_failed_to_decrypt":"0", "process_pending_decryption":"0", "process_success":"3", "total":"3"}}
{"logTime": "0428/194424", "correlationVector":"og48Xs3hyF6/RIiRV7Sc4a.6","action":"GetUpdates Response", "result":"Success", "context":Received 60 update(s). cV=og48Xs3hyF6/RIiRV7Sc4a.0;server=akswtt10400000b;cloudType=Consumer;environment=Prod_southindia_prod-s01-004-apac-southindia;migrationStage=NotStarted}
{"logTime": "0428/194424", "correlationVector":"JbDDKnGKfo1sk1biyMcIFX","action":"Initial GetUpdates", "result":"", "context":Reason: NEWLY_SUPPORTED_DATATYPE. cV=JbDDKnGKfo1sk1biyMcIFX}
{"logTime": "0428/194424", "correlationVector":"JbDDKnGKfo1sk1biyMcIFX.1","action":"SyncServerConnectionManagerRequest", "result":"SYNC_SERVER_OK", "context":{"environment":"Prod_southindia_prod-s01-004-apac-southindia", "migrationStage":"NotStarted", "server":"akswtt10400000h"}}
{"logTime": "0428/194424", "correlationVector":"JbDDKnGKfo1sk1biyMcIFX.2","action":"ProcessGetUpdates", "result":"Done", "context":{"dataType":"History", "deleted":"0", "process_failed_to_decrypt":"0", "process_pending_decryption":"0", "process_success":"250", "total":"250"}}
{"logTime": "0428/194424", "correlationVector":"JbDDKnGKfo1sk1biyMcIFX.3","action":"GetUpdates Response", "result":"Success", "context":Received 250 update(s). cV=JbDDKnGKfo1sk1biyMcIFX.0;server=akswtt10400000h;cloudType=Consumer;environment=Prod_southindia_prod-s01-004-apac-southindia;migrationStage=NotStarted Some updates remain.}
{"logTime": "0428/194424", "correlationVector":"jRptang6h+64pM27Jsb7Kn","action":"Initial GetUpdates", "result":"", "context":Reason: NEWLY_SUPPORTED_DATATYPE. cV=jRptang6h+64pM27Jsb7Kn}
{"logTime": "0428/194425", "correlationVector":"jRptang6h+64pM27Jsb7Kn.1","action":"SyncServerConnectionManagerRequest", "result":"SYNC_SERVER_OK", "context":{"environment":"Prod_southindia_prod-s01-004-apac-southindia", "migrationStage":"NotStarted", "server":"akswtt10400000n"}}
{"logTime": "0428/194425", "correlationVector":"jRptang6h+64pM27Jsb7Kn.2","action":"ProcessGetUpdates", "result":"Done", "context":{"dataType":"History", "deleted":"0", "process_failed_to_decrypt":"0", "process_pending_decryption":"0", "process_success":"250", "total":"250"}}
{"logTime": "0428/194425", "correlationVector":"jRptang6h+64pM27Jsb7Kn.3","action":"GetUpdates Response", "result":"Success", "context":Received 250 update(s). cV=jRptang6h+64pM27Jsb7Kn.0;server=akswtt10400000n;cloudType=Consumer;environment=Prod_southindia_prod-s01-004-apac-southindia;migrationStage=NotStarted Some updates remain.}
{"logTime": "0428/194425", "correlationVector":"sUEmQu6VKavZ7w/UahN4dq","action":"Initial GetUpdates", "result":"", "context":Reason: NEWLY_SUPPORTED_DATATYPE. cV=sUEmQu6VKavZ7w/UahN4dq}
{"logTime": "0428/194425", "correlationVector":"sUEmQu6VKavZ7w/UahN4dq.1","action":"SyncServerConnectionManagerRequest", "result":"SYNC_SERVER_OK", "context":{"environment":"Prod_southindia_prod-s01-004-apac-southindia", "migrationStage":"NotStarted", "server":"akswtt10400000j"}}
{"logTime": "0428/194425", "correlationVector":"sUEmQu6VKavZ7w/UahN4dq.2","action":"ProcessGetUpdates", "result":"Done", "context":{"dataType":"History", "deleted":"0", "process_failed_to_decrypt":"0", "process_pending_decryption":"0", "process_success":"250", "total":"250"}}
{"logTime": "0428/194425", "correlationVector":"sUEmQu6VKavZ7w/UahN4dq.3","action":"GetUpdates Response", "result":"Success", "context":Received 250 update(s). cV=sUEmQu6VKavZ7w/UahN4dq.0;server=akswtt10400000j;cloudType=Consumer;environment=Prod_southindia_prod-s01-004-apac-southindia;migrationStage=NotStarted Some updates remain.}
{"logTime": "0428/194425", "correlationVector":"xO4VoWQfrpwwT5FnNMB592","action":"Initial GetUpdates", "result":"", "context":Reason: NEWLY_SUPPORTED_DATATYPE. cV=xO4VoWQfrpwwT5FnNMB592}
{"logTime": "0428/194425", "correlationVector":"xO4VoWQfrpwwT5FnNMB592.1","action":"SyncServerConnectionManagerRequest", "result":"SYNC_SERVER_OK", "context":{"environment":"Prod_southindia_prod-s01-004-apac-southindia", "migrationStage":"NotStarted", "server":"akswtt10400000s"}}
{"logTime": "0428/194425", "correlationVector":"xO4VoWQfrpwwT5FnNMB592.2","action":"ProcessGetUpdates", "result":"Done", "context":{"dataType":"History", "deleted":"0", "process_failed_to_decrypt":"0", "process_pending_decryption":"0", "process_success":"123", "total":"123"}}
{"logTime": "0428/194425", "correlationVector":"xO4VoWQfrpwwT5FnNMB592.3","action":"GetUpdates Response", "result":"Success", "context":Received 123 update(s). cV=xO4VoWQfrpwwT5FnNMB592.0;server=akswtt10400000s;cloudType=Consumer;environment=Prod_southindia_prod-s01-004-apac-southindia;migrationStage=NotStarted}
{"logTime": "0428/194426", "correlationVector":"CYORNIANsW1HrDCD4W2l9l","action":"Normal GetUpdate request", "result":"", "context":cV=CYORNIANsW1HrDCD4W2l9l
Nudged types: Sessions, Device Info
Refresh requested types: Bookmarks, Preferences, Passwords, Autofill Profiles, Autofill, Extensions, Sessions, Extension settings, History Delete Directives, Device Info, User Consents, Send Tab To Self, Web Apps, History, Saved Tab Group, WebAuthn Credentials, Collection, Edge E Drop, Edge Hub App Usage, Edge Wallet, Edge Workspace, Encryption Keys}
{"logTime": "0428/194426", "correlationVector":"CYORNIANsW1HrDCD4W2l9l.1","action":"SyncServerConnectionManagerRequest", "result":"SYNC_SERVER_OK", "context":{"environment":"Prod_southindia_prod-s01-004-apac-southindia", "migrationStage":"NotStarted", "server":"akswtt104000004"}}
{"logTime": "0428/194426", "correlationVector":"CYORNIANsW1HrDCD4W2l9l.2","action":"GetUpdates Response", "result":"Success", "context":Received 0 update(s). cV=CYORNIANsW1HrDCD4W2l9l.0;server=akswtt104000004;cloudType=Consumer;environment=Prod_southindia_prod-s01-004-apac-southindia;migrationStage=NotStarted}
{"logTime": "0428/194426", "correlationVector":"7oY5819fggSem5ar+TIBVc","action":"Commit Request", "result":"", "context":Item count: 3
Contributing types: Sessions, Device Info}
{"logTime": "0428/194426", "correlationVector":"7oY5819fggSem5ar+TIBVc.1","action":"SyncServerConnectionManagerRequest", "result":"SYNC_SERVER_OK", "context":{"environment":"Prod_southindia_prod-s01-004-apac-southindia", "migrationStage":"NotStarted", "server":"akswtt10400000a"}}
{"logTime": "0428/194426", "correlationVector":"7oY5819fggSem5ar+TIBVc.2","action":"Commit Response", "result":"Success", "context":Result: Success. cV=7oY5819fggSem5ar+TIBVc.0;server=akswtt10400000a;cloudType=Consumer;environment=Prod_southindia_prod-s01-004-apac-southindia;migrationStage=NotStarted}
{"logTime": "0428/194529", "correlationVector":"DNDVbHtlZxm9SeC59N4E1i","action":"Commit Request", "result":"", "context":Item count: 2
Contributing types: Sessions, History}
{"logTime": "0428/194529", "correlationVector":"DNDVbHtlZxm9SeC59N4E1i.1","action":"SyncServerConnectionManagerRequest", "result":"SYNC_SERVER_OK", "context":{"environment":"Prod_southindia_prod-s01-004-apac-southindia", "migrationStage":"NotStarted", "server":"akswtt10400000c"}}
{"logTime": "0428/194529", "correlationVector":"DNDVbHtlZxm9SeC59N4E1i.2","action":"Commit Response", "result":"Success", "context":Result: Success. cV=DNDVbHtlZxm9SeC59N4E1i.0;server=akswtt10400000c;cloudType=Consumer;environment=Prod_southindia_prod-s01-004-apac-southindia;migrationStage=NotStarted}
{"logTime": "0428/195107", "correlationVector":"oO/oyKU8YeAXHXRVHCNOmQ.1","action":"SyncServerConnectionManagerRequest", "result":"SYNC_SERVER_OK", "context":{"environment":"Prod_southindia_prod-s01-004-apac-southindia", "migrationStage":"NotStarted", "server":"akswtt104000011"}}
{"logTime": "0428/195107", "correlationVector":"oO/oyKU8YeAXHXRVHCNOmQ.2","action":"ProcessGetUpdates", "result":"Done", "context":{"dataType":"Encryption Keys", "deleted":"0", "process_failed_to_decrypt":"0", "process_pending_decryption":"0", "process_success":"1", "total":"1"}}
{"logTime": "0428/195108", "correlationVector":"0UGZaucciL+kLLTBzcyWB5","action":"SyncServerConnectionManagerRequest", "result":"SYNC_SERVER_OK", "context":{"environment":"", "migrationStage":"", "server":""}}
{"logTime": "0428/195108", "correlationVector":"0UGZaucciL+kLLTBzcyWB5.0","action":"EncryptionKeysFetcher.DownloadKeys:", "result":"Success", "context":Key count: 4, Last key timestamp: 2026-04-21T05:02:50Z}
{"logTime": "0428/195108", "correlationVector":"0UGZaucciL+kLLTBzcyWB5.1","action":"EncryptionKeysManager::SetEncryptionKeys:", "result":"Success", "context":Key names[4]:[le3peDdwfNAzvoLfsI9aceb591Q1WsoJQFPM5wHKsT/64GVyf4To2wy9UTt1OrTBbp7sExRMYaIqP7eg+X1QQw==][aa6TpowVx8YPdhaHTblo+Tj8qM8Zt5HiCC61vHsyWugIBVUP1ujvBYn1UnhHw5Ntt03ry6pI417LVkE+t1UDOQ==][z2hmM4bY4CA35v0FgtSNIzk0ORQSLGE4RLcgM0c+B1xtTPCL+17MlOxs+dQLK4BPkGJz8iKg0dG5c3OH9XHbbA==][bS2RYSfc3pa5KcsojSoufXCklTivhxreZRw9fWaEs1CB9Vwwf7c4AHBCeFOI5BkpJYAd/OmVSFGK+R+S06T+jw==]}
{"logTime": "0428/195108", "correlationVector":"0UGZaucciL+kLLTBzcyWB5.2","action":"EncryptionKeysManager::SetEncryptionKeysWithTimestamps:", "result":"Success", "context":Key timestamps[4]:[2024-10-26T01:57:27Z][2025-04-24T17:36:04Z][2025-10-22T15:44:39Z][2026-04-21T05:02:50Z]}
{"logTime": "0428/195108", "correlationVector":"oO/oyKU8YeAXHXRVHCNOmQ","action":"Initial GetUpdates", "result":"", "context":Reason: NEW_CLIENT. cV=oO/oyKU8YeAXHXRVHCNOmQ}
{"logTime": "0428/195108", "correlationVector":"oO/oyKU8YeAXHXRVHCNOmQ.3","action":"GetUpdates Response", "result":"Success", "context":Received 1 update(s). cV=oO/oyKU8YeAXHXRVHCNOmQ.0;server=akswtt104000011;cloudType=Consumer;environment=Prod_southindia_prod-s01-004-apac-southindia;migrationStage=NotStarted}
{"logTime": "0428/195108", "correlationVector":"+dAJBFfE2hqMrgL1Fg5Wy/","action":"Initial GetUpdates", "result":"", "context":Reason: NEWLY_SUPPORTED_DATATYPE. cV=+dAJBFfE2hqMrgL1Fg5Wy/}
{"logTime": "0428/195109", "correlationVector":"+dAJBFfE2hqMrgL1Fg5Wy/.1","action":"SyncServerConnectionManagerRequest", "result":"SYNC_SERVER_OK", "context":{"environment":"Prod_southindia_prod-s01-004-apac-southindia", "migrationStage":"NotStarted", "server":"akswtt104000001"}}
{"logTime": "0428/195109", "correlationVector":"+dAJBFfE2hqMrgL1Fg5Wy/.2","action":"ProcessGetUpdates", "result":"Done", "context":{"dataType":"Passwords", "deleted":"0", "process_failed_to_decrypt":"0", "process_pending_decryption":"0", "process_success":"5", "total":"5"}}
{"logTime": "0428/195109", "correlationVector":"+dAJBFfE2hqMrgL1Fg5Wy/.3","action":"GetUpdates Response", "result":"Success", "context":Received 5 update(s). cV=+dAJBFfE2hqMrgL1Fg5Wy/.0;server=akswtt104000001;cloudType=Consumer;environment=Prod_southindia_prod-s01-004-apac-southindia;migrationStage=NotStarted}
{"logTime": "0428/195109", "correlationVector":"91nQExXV4Y5UDSiitoK1M6","action":"Normal GetUpdate request", "result":"", "context":cV=91nQExXV4Y5UDSiitoK1M6
Nudged types: Sessions, Device Info, History
Refresh requested types: Bookmarks, Preferences, Passwords, Autofill Profiles, Autofill, Extensions, Sessions, Extension settings, History Delete Directives, Device Info, User Consents, Send Tab To Self, Web Apps, History, Saved Tab Group, WebAuthn Credentials, Collection, Edge E Drop, Edge Hub App Usage, Edge Wallet, Edge Workspace, Encryption Keys}
{"logTime": "0428/195109", "correlationVector":"91nQExXV4Y5UDSiitoK1M6.1","action":"SyncServerConnectionManagerRequest", "result":"SYNC_SERVER_OK", "context":{"environment":"Prod_southindia_prod-s01-004-apac-southindia", "migrationStage":"NotStarted", "server":"akswtt10400000i"}}
{"logTime": "0428/195109", "correlationVector":"91nQExXV4Y5UDSiitoK1M6.2","action":"ProcessGetUpdates", "result":"Done", "context":{"dataType":"Sessions", "deleted":"0", "process_failed_to_decrypt":"0", "process_pending_decryption":"0", "process_success":"5", "total":"5"}}
{"logTime": "0428/195109", "correlationVector":"91nQExXV4Y5UDSiitoK1M6.3","action":"ProcessGetUpdates", "result":"Done", "context":{"dataType":"Device Info", "deleted":"0", "process_failed_to_decrypt":"0", "process_pending_decryption":"0", "process_success":"1", "total":"1"}}
{"logTime": "0428/195109", "correlationVector":"91nQExXV4Y5UDSiitoK1M6.4","action":"ProcessGetUpdates", "result":"Done", "context":{"dataType":"History", "deleted":"0", "process_failed_to_decrypt":"0", "process_pending_decryption":"0", "process_success":"1", "total":"1"}}
{"logTime": "0428/195109", "correlationVector":"91nQExXV4Y5UDSiitoK1M6.5","action":"GetUpdates Response", "result":"Success", "context":Received 7 update(s). cV=91nQExXV4Y5UDSiitoK1M6.0;server=akswtt10400000i;cloudType=Consumer;environment=Prod_southindia_prod-s01-004-apac-southindia;migrationStage=NotStarted}
{"logTime": "0428/195109", "correlationVector":"iMfHRuJtERctEelRpVTQeG","action":"Commit Request", "result":"", "context":Item count: 4
Contributing types: Sessions, Device Info, History}
{"logTime": "0428/195110", "correlationVector":"iMfHRuJtERctEelRpVTQeG.1","action":"SyncServerConnectionManagerRequest", "result":"SYNC_SERVER_OK", "context":{"environment":"Prod_southindia_prod-s01-004-apac-southindia", "migrationStage":"NotStarted", "server":"akswtt10400001i"}}
{"logTime": "0428/195110", "correlationVector":"iMfHRuJtERctEelRpVTQeG.2","action":"Commit Response", "result":"Success", "context":Result: Success. cV=iMfHRuJtERctEelRpVTQeG.0;server=akswtt10400001i;cloudType=Consumer;environment=Prod_southindia_prod-s01-004-apac-southindia;migrationStage=NotStarted}
{"logTime": "0428/195212", "correlationVector":"JX373rcbQuq91Q+f456Ido","action":"Commit Request", "result":"", "context":Item count: 7
Contributing types: Sessions, History}
{"logTime": "0428/195212", "correlationVector":"JX373rcbQuq91Q+f456Ido.1","action":"SyncServerConnectionManagerRequest", "result":"SYNC_SERVER_OK", "context":{"environment":"Prod_southindia_prod-s01-004-apac-southindia", "migrationStage":"NotStarted", "server":"akswtt104000007"}}
{"logTime": "0428/195212", "correlationVector":"JX373rcbQuq91Q+f456Ido.2","action":"Commit Response", "result":"Success", "context":Result: Success. cV=JX373rcbQuq91Q+f456Ido.0;server=akswtt104000007;cloudType=Consumer;environment=Prod_southindia_prod-s01-004-apac-southindia;migrationStage=NotStarted}
{"logTime": "0428/200809", "correlationVector":"Cglu3M2w1WgyvLd6u7C9jk","action":"Commit Request", "result":"", "context":Item count: 1
Contributing types: Sessions}
{"logTime": "0428/200809", "correlationVector":"Cglu3M2w1WgyvLd6u7C9jk.1","action":"SyncServerConnectionManagerRequest", "result":"SYNC_SERVER_OK", "context":{"environment":"Prod_southindia_prod-s01-004-apac-southindia", "migrationStage":"NotStarted", "server":"akswtt104000002"}}
{"logTime": "0428/200809", "correlationVector":"Cglu3M2w1WgyvLd6u7C9jk.2","action":"Commit Response", "result":"Success", "context":Result: Success. cV=Cglu3M2w1WgyvLd6u7C9jk.0;server=akswtt104000002;cloudType=Consumer;environment=Prod_southindia_prod-s01-004-apac-southindia;migrationStage=NotStarted}
{"logTime": "0428/201850", "correlationVector":"6LkGGvdiBImz/YmRbvjYB6.1","action":"SyncServerConnectionManagerRequest", "result":"SYNC_SERVER_OK", "context":{"environment":"Prod_southindia_prod-s01-004-apac-southindia", "migrationStage":"NotStarted", "server":"akswtt10400000x"}}
{"logTime": "0428/201850", "correlationVector":"6LkGGvdiBImz/YmRbvjYB6.2","action":"ProcessGetUpdates", "result":"Done", "context":{"dataType":"Encryption Keys", "deleted":"0", "process_failed_to_decrypt":"0", "process_pending_decryption":"0", "process_success":"1", "total":"1"}}
{"logTime": "0428/201851", "correlationVector":"hywdLcNrlPHZe0yaa+NGNW","action":"SyncServerConnectionManagerRequest", "result":"SYNC_SERVER_OK", "context":{"environment":"", "migrationStage":"", "server":""}}
{"logTime": "0428/201851", "correlationVector":"hywdLcNrlPHZe0yaa+NGNW.0","action":"EncryptionKeysFetcher.DownloadKeys:", "result":"Success", "context":Key count: 4, Last key timestamp: 2026-04-21T05:02:50Z}
{"logTime": "0428/201851", "correlationVector":"hywdLcNrlPHZe0yaa+NGNW.1","action":"EncryptionKeysManager::SetEncryptionKeys:", "result":"Success", "context":Key names[4]:[le3peDdwfNAzvoLfsI9aceb591Q1WsoJQFPM5wHKsT/64GVyf4To2wy9UTt1OrTBbp7sExRMYaIqP7eg+X1QQw==][aa6TpowVx8YPdhaHTblo+Tj8qM8Zt5HiCC61vHsyWugIBVUP1ujvBYn1UnhHw5Ntt03ry6pI417LVkE+t1UDOQ==][z2hmM4bY4CA35v0FgtSNIzk0ORQSLGE4RLcgM0c+B1xtTPCL+17MlOxs+dQLK4BPkGJz8iKg0dG5c3OH9XHbbA==][bS2RYSfc3pa5KcsojSoufXCklTivhxreZRw9fWaEs1CB9Vwwf7c4AHBCeFOI5BkpJYAd/OmVSFGK+R+S06T+jw==]}
{"logTime": "0428/201851", "correlationVector":"hywdLcNrlPHZe0yaa+NGNW.2","action":"EncryptionKeysManager::SetEncryptionKeysWithTimestamps:", "result":"Success", "context":Key timestamps[4]:[2024-10-26T01:57:27Z][2025-04-24T17:36:04Z][2025-10-22T15:44:39Z][2026-04-21T05:02:50Z]}
{"logTime": "0428/201851", "correlationVector":"6LkGGvdiBImz/YmRbvjYB6","action":"Initial GetUpdates", "result":"", "context":Reason: NEW_CLIENT. cV=6LkGGvdiBImz/YmRbvjYB6}
{"logTime": "0428/201851", "correlationVector":"6LkGGvdiBImz/YmRbvjYB6.3","action":"GetUpdates Response", "result":"Success", "context":Received 1 update(s). cV=6LkGGvdiBImz/YmRbvjYB6.0;server=akswtt10400000x;cloudType=Consumer;environment=Prod_southindia_prod-s01-004-apac-southindia;migrationStage=NotStarted}
{"logTime": "0428/201851", "correlationVector":"/FsJWOfPnS5eXcOpxG9pFQ","action":"Initial GetUpdates", "result":"", "context":Reason: NEWLY_SUPPORTED_DATATYPE. cV=/FsJWOfPnS5eXcOpxG9pFQ}
{"logTime": "0428/201851", "correlationVector":"/FsJWOfPnS5eXcOpxG9pFQ.1","action":"SyncServerConnectionManagerRequest", "result":"SYNC_SERVER_OK", "context":{"environment":"Prod_southindia_prod-s01-004-apac-southindia", "migrationStage":"NotStarted", "server":"akswtt10400000x"}}
{"logTime": "0428/201851", "correlationVector":"/FsJWOfPnS5eXcOpxG9pFQ.2","action":"ProcessGetUpdates", "result":"Done", "context":{"dataType":"Preferences", "deleted":"0", "process_failed_to_decrypt":"0", "process_pending_decryption":"0", "process_success":"75", "total":"75"}}
{"logTime": "0428/201851", "correlationVector":"/FsJWOfPnS5eXcOpxG9pFQ.3","action":"ProcessGetUpdates", "result":"Done", "context":{"dataType":"Passwords", "deleted":"0", "process_failed_to_decrypt":"0", "process_pending_decryption":"0", "process_success":"5", "total":"5"}}
{"logTime": "0428/201851", "correlationVector":"/FsJWOfPnS5eXcOpxG9pFQ.4","action":"ProcessGetUpdates", "result":"Done", "context":{"dataType":"Device Info", "deleted":"0", "process_failed_to_decrypt":"0", "process_pending_decryption":"0", "process_success":"5", "total":"5"}}
{"logTime": "0428/201851", "correlationVector":"/FsJWOfPnS5eXcOpxG9pFQ.5","action":"GetUpdates Response", "result":"Success", "context":Received 85 update(s). cV=/FsJWOfPnS5eXcOpxG9pFQ.0;server=akswtt10400000x;cloudType=Consumer;environment=Prod_southindia_prod-s01-004-apac-southindia;migrationStage=NotStarted}
{"logTime": "0428/201851", "correlationVector":"GVnyTvR7ZvRw8eUwpSKeQ6","action":"Initial GetUpdates", "result":"", "context":Reason: NEWLY_SUPPORTED_DATATYPE. cV=GVnyTvR7ZvRw8eUwpSKeQ6}
{"logTime": "0428/201852", "correlationVector":"GVnyTvR7ZvRw8eUwpSKeQ6.1","action":"SyncServerConnectionManagerRequest", "result":"SYNC_SERVER_OK", "context":{"environment":"Prod_southindia_prod-s01-004-apac-southindia", "migrationStage":"NotStarted", "server":"akswtt10400000v"}}
{"logTime": "0428/201852", "correlationVector":"GVnyTvR7ZvRw8eUwpSKeQ6.2","action":"ProcessGetUpdates", "result":"Done", "context":{"dataType":"Bookmarks", "deleted":"0", "process_failed_to_decrypt":"0", "process_pending_decryption":"0", "process_success":"6", "total":"6"}}
{"logTime": "0428/201852", "correlationVector":"GVnyTvR7ZvRw8eUwpSKeQ6.3","action":"GetUpdates Response", "result":"Success", "context":Received 6 update(s). cV=GVnyTvR7ZvRw8eUwpSKeQ6.0;server=akswtt10400000v;cloudType=Consumer;environment=Prod_southindia_prod-s01-004-apac-southindia;migrationStage=NotStarted}
{"logTime": "0428/201852", "correlationVector":"Tw+l0jn+9KKIe7u8b/Ukvf","action":"Initial GetUpdates", "result":"", "context":Reason: NEWLY_SUPPORTED_DATATYPE. cV=Tw+l0jn+9KKIe7u8b/Ukvf}
{"logTime": "0428/201852", "correlationVector":"Tw+l0jn+9KKIe7u8b/Ukvf.1","action":"SyncServerConnectionManagerRequest", "result":"SYNC_SERVER_OK", "context":{"environment":"Prod_southindia_prod-s01-004-apac-southindia", "migrationStage":"NotStarted", "server":"akswtt10400000x"}}
{"logTime": "0428/201852", "correlationVector":"Tw+l0jn+9KKIe7u8b/Ukvf.2","action":"ProcessGetUpdates", "result":"Done", "context":{"dataType":"Autofill", "deleted":"0", "process_failed_to_decrypt":"0", "process_pending_decryption":"0", "process_success":"108", "total":"108"}}
{"logTime": "0428/201852", "correlationVector":"Tw+l0jn+9KKIe7u8b/Ukvf.3","action":"ProcessGetUpdates", "result":"Done", "context":{"dataType":"Sessions", "deleted":"141", "process_failed_to_decrypt":"0", "process_pending_decryption":"0", "process_success":"141", "total":"141"}}
{"logTime": "0428/201852", "correlationVector":"Tw+l0jn+9KKIe7u8b/Ukvf.4","action":"ProcessGetUpdates", "result":"Done", "context":{"dataType":"Edge Hub App Usage", "deleted":"0", "process_failed_to_decrypt":"0", "process_pending_decryption":"0", "process_success":"1", "total":"1"}}
{"logTime": "0428/201852", "correlationVector":"Tw+l0jn+9KKIe7u8b/Ukvf.5","action":"GetUpdates Response", "result":"Success", "context":Received 250 update(s). cV=Tw+l0jn+9KKIe7u8b/Ukvf.0;server=akswtt10400000x;cloudType=Consumer;environment=Prod_southindia_prod-s01-004-apac-southindia;migrationStage=NotStarted Some updates remain.}
{"logTime": "0428/201852", "correlationVector":"IwfY6x3udAJvf6+WS9/NJq","action":"Initial GetUpdates", "result":"", "context":Reason: NEWLY_SUPPORTED_DATATYPE. cV=IwfY6x3udAJvf6+WS9/NJq}
{"logTime": "0428/201853", "correlationVector":"IwfY6x3udAJvf6+WS9/NJq.1","action":"SyncServerConnectionManagerRequest", "result":"SYNC_SERVER_OK", "context":{"environment":"Prod_southindia_prod-s01-004-apac-southindia", "migrationStage":"NotStarted", "server":"akswtt104000000"}}
{"logTime": "0428/201853", "correlationVector":"IwfY6x3udAJvf6+WS9/NJq.2","action":"ProcessGetUpdates", "result":"Done", "context":{"dataType":"Sessions", "deleted":"244", "process_failed_to_decrypt":"0", "process_pending_decryption":"0", "process_success":"244", "total":"244"}}
{"logTime": "0428/201853", "correlationVector":"IwfY6x3udAJvf6+WS9/NJq.3","action":"ProcessGetUpdates", "result":"Done", "context":{"dataType":"Edge Hub App Usage", "deleted":"4", "process_failed_to_decrypt":"0", "process_pending_decryption":"0", "process_success":"6", "total":"6"}}
{"logTime": "0428/201853", "correlationVector":"IwfY6x3udAJvf6+WS9/NJq.4","action":"GetUpdates Response", "result":"Success", "context":Received 250 update(s). cV=IwfY6x3udAJvf6+WS9/NJq.0;server=akswtt104000000;cloudType=Consumer;environment=Prod_southindia_prod-s01-004-apac-southindia;migrationStage=NotStarted Some updates remain.}
{"logTime": "0428/201853", "correlationVector":"Q4nuud5+9TY7n2fgq2yTrY","action":"Initial GetUpdates", "result":"", "context":Reason: NEWLY_SUPPORTED_DATATYPE. cV=Q4nuud5+9TY7n2fgq2yTrY}
{"logTime": "0428/201853", "correlationVector":"Q4nuud5+9TY7n2fgq2yTrY.1","action":"SyncServerConnectionManagerRequest", "result":"SYNC_SERVER_OK", "context":{"environment":"Prod_southindia_prod-s01-004-apac-southindia", "migrationStage":"NotStarted", "server":"akswtt10400000x"}}
{"logTime": "0428/201853", "correlationVector":"Q4nuud5+9TY7n2fgq2yTrY.2","action":"ProcessGetUpdates", "result":"Done", "context":{"dataType":"Autofill Profiles", "deleted":"12", "process_failed_to_decrypt":"0", "process_pending_decryption":"0", "process_success":"12", "total":"12"}}
{"logTime": "0428/201853", "correlationVector":"Q4nuud5+9TY7n2fgq2yTrY.3","action":"ProcessGetUpdates", "result":"Done", "context":{"dataType":"Sessions", "deleted":"235", "process_failed_to_decrypt":"0", "process_pending_decryption":"0", "process_success":"235", "total":"235"}}
{"logTime": "0428/201853", "correlationVector":"Q4nuud5+9TY7n2fgq2yTrY.4","action":"ProcessGetUpdates", "result":"Done", "context":{"dataType":"Edge Hub App Usage", "deleted":"2", "process_failed_to_decrypt":"0", "process_pending_decryption":"0", "process_success":"3", "total":"3"}}
{"logTime": "0428/201853", "correlationVector":"Q4nuud5+9TY7n2fgq2yTrY.5","action":"GetUpdates Response", "result":"Success", "context":Received 250 update(s). cV=Q4nuud5+9TY7n2fgq2yTrY.0;server=akswtt10400000x;cloudType=Consumer;environment=Prod_southindia_prod-s01-004-apac-southindia;migrationStage=NotStarted Some updates remain.}
{"logTime": "0428/201853", "correlationVector":"IDXCiVaayi/Pxl7Y6lO7sP","action":"Initial GetUpdates", "result":"", "context":Reason: NEWLY_SUPPORTED_DATATYPE. cV=IDXCiVaayi/Pxl7Y6lO7sP}
{"logTime": "0428/201854", "correlationVector":"IDXCiVaayi/Pxl7Y6lO7sP.1","action":"SyncServerConnectionManagerRequest", "result":"SYNC_SERVER_OK", "context":{"environment":"Prod_southindia_prod-s01-004-apac-southindia", "migrationStage":"NotStarted", "server":"akswtt10400000l"}}
{"logTime": "0428/201854", "correlationVector":"IDXCiVaayi/Pxl7Y6lO7sP.2","action":"ProcessGetUpdates", "result":"Done", "context":{"dataType":"Autofill Profiles", "deleted":"5", "process_failed_to_decrypt":"0", "process_pending_decryption":"0", "process_success":"28", "total":"28"}}
{"logTime": "0428/201854", "correlationVector":"IDXCiVaayi/Pxl7Y6lO7sP.3","action":"ProcessGetUpdates", "result":"Done", "context":{"dataType":"Autofill", "deleted":"0", "process_failed_to_decrypt":"0", "process_pending_decryption":"0", "process_success":"190", "total":"190"}}
{"logTime": "0428/201854", "correlationVector":"IDXCiVaayi/Pxl7Y6lO7sP.4","action":"ProcessGetUpdates", "result":"Done", "context":{"dataType":"Sessions", "deleted":"29", "process_failed_to_decrypt":"0", "process_pending_decryption":"0", "process_success":"29", "total":"29"}}
{"logTime": "0428/201854", "correlationVector":"IDXCiVaayi/Pxl7Y6lO7sP.5","action":"ProcessGetUpdates", "result":"Done", "context":{"dataType":"Edge Hub App Usage", "deleted":"3", "process_failed_to_decrypt":"0", "process_pending_decryption":"0", "process_success":"3", "total":"3"}}
{"logTime": "0428/201854", "correlationVector":"IDXCiVaayi/Pxl7Y6lO7sP.6","action":"GetUpdates Response", "result":"Success", "context":Received 250 update(s). cV=IDXCiVaayi/Pxl7Y6lO7sP.0;server=akswtt10400000l;cloudType=Consumer;environment=Prod_southindia_prod-s01-004-apac-southindia;migrationStage=NotStarted Some updates remain.}
{"logTime": "0428/201854", "correlationVector":"T7ielCoekrVKRI3ZCvEORT","action":"Initial GetUpdates", "result":"", "context":Reason: NEWLY_SUPPORTED_DATATYPE. cV=T7ielCoekrVKRI3ZCvEORT}
{"logTime": "0428/201854", "correlationVector":"T7ielCoekrVKRI3ZCvEORT.1","action":"SyncServerConnectionManagerRequest", "result":"SYNC_SERVER_OK", "context":{"environment":"Prod_southindia_prod-s01-004-apac-southindia", "migrationStage":"NotStarted", "server":"akswtt10400000b"}}
{"logTime": "0428/201854", "correlationVector":"T7ielCoekrVKRI3ZCvEORT.2","action":"ProcessGetUpdates", "result":"Done", "context":{"dataType":"Autofill", "deleted":"0", "process_failed_to_decrypt":"0", "process_pending_decryption":"0", "process_success":"250", "total":"250"}}
{"logTime": "0428/201854", "correlationVector":"T7ielCoekrVKRI3ZCvEORT.3","action":"GetUpdates Response", "result":"Success", "context":Received 250 update(s). cV=T7ielCoekrVKRI3ZCvEORT.0;server=akswtt10400000b;cloudType=Consumer;environment=Prod_southindia_prod-s01-004-apac-southindia;migrationStage=NotStarted Some updates remain.}
{"logTime": "0428/201854", "correlationVector":"xG9MM//n3TOSiZU4Wb7Jqv","action":"Initial GetUpdates", "result":"", "context":Reason: NEWLY_SUPPORTED_DATATYPE. cV=xG9MM//n3TOSiZU4Wb7Jqv}
{"logTime": "0428/201855", "correlationVector":"xG9MM//n3TOSiZU4Wb7Jqv.1","action":"SyncServerConnectionManagerRequest", "result":"SYNC_SERVER_OK", "context":{"environment":"Prod_southindia_prod-s01-004-apac-southindia", "migrationStage":"NotStarted", "server":"akswtt104000000"}}
{"logTime": "0428/201855", "correlationVector":"xG9MM//n3TOSiZU4Wb7Jqv.2","action":"ProcessGetUpdates", "result":"Done", "context":{"dataType":"Autofill", "deleted":"0", "process_failed_to_decrypt":"0", "process_pending_decryption":"0", "process_success":"250", "total":"250"}}
{"logTime": "0428/201855", "correlationVector":"xG9MM//n3TOSiZU4Wb7Jqv.3","action":"GetUpdates Response", "result":"Success", "context":Received 250 update(s). cV=xG9MM//n3TOSiZU4Wb7Jqv.0;server=akswtt104000000;cloudType=Consumer;environment=Prod_southindia_prod-s01-004-apac-southindia;migrationStage=NotStarted Some updates remain.}
{"logTime": "0428/201855", "correlationVector":"fJBMFy3cgEIHpn7JfioqOQ","action":"Initial GetUpdates", "result":"", "context":Reason: NEWLY_SUPPORTED_DATATYPE. cV=fJBMFy3cgEIHpn7JfioqOQ}
{"logTime": "0428/201855", "correlationVector":"fJBMFy3cgEIHpn7JfioqOQ.1","action":"SyncServerConnectionManagerRequest", "result":"SYNC_SERVER_OK", "context":{"environment":"Prod_southindia_prod-s01-004-apac-southindia", "migrationStage":"NotStarted", "server":"akswtt10400000v"}}
{"logTime": "0428/201855", "correlationVector":"fJBMFy3cgEIHpn7JfioqOQ.2","action":"ProcessGetUpdates", "result":"Done", "context":{"dataType":"Autofill Profiles", "deleted":"0", "process_failed_to_decrypt":"0", "process_pending_decryption":"0", "process_success":"1", "total":"1"}}
{"logTime": "0428/201855", "correlationVector":"fJBMFy3cgEIHpn7JfioqOQ.3","action":"ProcessGetUpdates", "result":"Done", "context":{"dataType":"Autofill", "deleted":"0", "process_failed_to_decrypt":"0", "process_pending_decryption":"0", "process_success":"235", "total":"235"}}
{"logTime": "0428/201855", "correlationVector":"fJBMFy3cgEIHpn7JfioqOQ.4","action":"ProcessGetUpdates", "result":"Done", "context":{"dataType":"Sessions", "deleted":"14", "process_failed_to_decrypt":"0", "process_pending_decryption":"0", "process_success":"14", "total":"14"}}
{"logTime": "0428/201855", "correlationVector":"fJBMFy3cgEIHpn7JfioqOQ.5","action":"GetUpdates Response", "result":"Success", "context":Received 250 update(s). cV=fJBMFy3cgEIHpn7JfioqOQ.0;server=akswtt10400000v;cloudType=Consumer;environment=Prod_southindia_prod-s01-004-apac-southindia;migrationStage=NotStarted Some updates remain.}
{"logTime": "0428/201855", "correlationVector":"Igz6QrKeBPiRtCnV1ry746","action":"Initial GetUpdates", "result":"", "context":Reason: NEWLY_SUPPORTED_DATATYPE. cV=Igz6QrKeBPiRtCnV1ry746}
{"logTime": "0428/201855", "correlationVector":"Igz6QrKeBPiRtCnV1ry746.1","action":"SyncServerConnectionManagerRequest", "result":"SYNC_SERVER_OK", "context":{"environment":"Prod_southindia_prod-s01-004-apac-southindia", "migrationStage":"NotStarted", "server":"akswtt10400000x"}}
{"logTime": "0428/201855", "correlationVector":"Igz6QrKeBPiRtCnV1ry746.2","action":"ProcessGetUpdates", "result":"Done", "context":{"dataType":"Autofill Profiles", "deleted":"0", "process_failed_to_decrypt":"0", "process_pending_decryption":"0", "process_success":"1", "total":"1"}}
{"logTime": "0428/201855", "correlationVector":"Igz6QrKeBPiRtCnV1ry746.3","action":"ProcessGetUpdates", "result":"Done", "context":{"dataType":"Autofill", "deleted":"0", "process_failed_to_decrypt":"0", "process_pending_decryption":"0", "process_success":"1", "total":"1"}}
{"logTime": "0428/201855", "correlationVector":"Igz6QrKeBPiRtCnV1ry746.4","action":"ProcessGetUpdates", "result":"Done", "context":{"dataType":"Sessions", "deleted":"44", "process_failed_to_decrypt":"0", "process_pending_decryption":"0", "process_success":"56", "total":"56"}}
{"logTime": "0428/201855", "correlationVector":"Igz6QrKeBPiRtCnV1ry746.5","action":"ProcessGetUpdates", "result":"Done", "context":{"dataType":"Edge Hub App Usage", "deleted":"0", "process_failed_to_decrypt":"0", "process_pending_decryption":"0", "process_success":"3", "total":"3"}}
{"logTime": "0428/201855", "correlationVector":"Igz6QrKeBPiRtCnV1ry746.6","action":"GetUpdates Response", "result":"Success", "context":Received 61 update(s). cV=Igz6QrKeBPiRtCnV1ry746.0;server=akswtt10400000x;cloudType=Consumer;environment=Prod_southindia_prod-s01-004-apac-southindia;migrationStage=NotStarted}
{"logTime": "0428/201856", "correlationVector":"ZoD7EIOW+zUHwWwHTyMdBk","action":"Initial GetUpdates", "result":"", "context":Reason: NEWLY_SUPPORTED_DATATYPE. cV=ZoD7EIOW+zUHwWwHTyMdBk}
{"logTime": "0428/201856", "correlationVector":"ZoD7EIOW+zUHwWwHTyMdBk.1","action":"SyncServerConnectionManagerRequest", "result":"SYNC_SERVER_OK", "context":{"environment":"Prod_southindia_prod-s01-004-apac-southindia", "migrationStage":"NotStarted", "server":"akswtt10400000b"}}
{"logTime": "0428/201856", "correlationVector":"ZoD7EIOW+zUHwWwHTyMdBk.2","action":"ProcessGetUpdates", "result":"Done", "context":{"dataType":"History", "deleted":"0", "process_failed_to_decrypt":"0", "process_pending_decryption":"0", "process_success":"250", "total":"250"}}
{"logTime": "0428/201856", "correlationVector":"ZoD7EIOW+zUHwWwHTyMdBk.3","action":"GetUpdates Response", "result":"Success", "context":Received 250 update(s). cV=ZoD7EIOW+zUHwWwHTyMdBk.0;server=akswtt10400000b;cloudType=Consumer;environment=Prod_southindia_prod-s01-004-apac-southindia;migrationStage=NotStarted Some updates remain.}
{"logTime": "0428/201856", "correlationVector":"2DuKX/D6JMlipbm9R5ZNcz","action":"Initial GetUpdates", "result":"", "context":Reason: NEWLY_SUPPORTED_DATATYPE. cV=2DuKX/D6JMlipbm9R5ZNcz}
{"logTime": "0428/201857", "correlationVector":"2DuKX/D6JMlipbm9R5ZNcz.1","action":"SyncServerConnectionManagerRequest", "result":"SYNC_SERVER_OK", "context":{"environment":"Prod_southindia_prod-s01-004-apac-southindia", "migrationStage":"NotStarted", "server":"akswtt104000006"}}
{"logTime": "0428/201857", "correlationVector":"2DuKX/D6JMlipbm9R5ZNcz.2","action":"ProcessGetUpdates", "result":"Done", "context":{"dataType":"History", "deleted":"0", "process_failed_to_decrypt":"0", "process_pending_decryption":"0", "process_success":"250", "total":"250"}}
{"logTime": "0428/201857", "correlationVector":"2DuKX/D6JMlipbm9R5ZNcz.3","action":"GetUpdates Response", "result":"Success", "context":Received 250 update(s). cV=2DuKX/D6JMlipbm9R5ZNcz.0;server=akswtt104000006;cloudType=Consumer;environment=Prod_southindia_prod-s01-004-apac-southindia;migrationStage=NotStarted Some updates remain.}
{"logTime": "0428/201857", "correlationVector":"ykGlt8tbYyLH1GK+QnOcuH","action":"Initial GetUpdates", "result":"", "context":Reason: NEWLY_SUPPORTED_DATATYPE. cV=ykGlt8tbYyLH1GK+QnOcuH}
{"logTime": "0428/201857", "correlationVector":"ykGlt8tbYyLH1GK+QnOcuH.1","action":"SyncServerConnectionManagerRequest", "result":"SYNC_SERVER_OK", "context":{"environment":"Prod_southindia_prod-s01-004-apac-southindia", "migrationStage":"NotStarted", "server":"akswtt104000000"}}
{"logTime": "0428/201857", "correlationVector":"ykGlt8tbYyLH1GK+QnOcuH.2","action":"ProcessGetUpdates", "result":"Done", "context":{"dataType":"History", "deleted":"0", "process_failed_to_decrypt":"0", "process_pending_decryption":"0", "process_success":"250", "total":"250"}}
{"logTime": "0428/201857", "correlationVector":"ykGlt8tbYyLH1GK+QnOcuH.3","action":"GetUpdates Response", "result":"Success", "context":Received 250 update(s). cV=ykGlt8tbYyLH1GK+QnOcuH.0;server=akswtt104000000;cloudType=Consumer;environment=Prod_southindia_prod-s01-004-apac-southindia;migrationStage=NotStarted Some updates remain.}
{"logTime": "0428/201857", "correlationVector":"+cW7RPGYIe/5VlJ2s2Crcq","action":"Initial GetUpdates", "result":"", "context":Reason: NEWLY_SUPPORTED_DATATYPE. cV=+cW7RPGYIe/5VlJ2s2Crcq}
{"logTime": "0428/201857", "correlationVector":"+cW7RPGYIe/5VlJ2s2Crcq.1","action":"SyncServerConnectionManagerRequest", "result":"SYNC_SERVER_OK", "context":{"environment":"Prod_southindia_prod-s01-004-apac-southindia", "migrationStage":"NotStarted", "server":"akswtt10400000b"}}
{"logTime": "0428/201857", "correlationVector":"+cW7RPGYIe/5VlJ2s2Crcq.2","action":"ProcessGetUpdates", "result":"Done", "context":{"dataType":"History", "deleted":"0", "process_failed_to_decrypt":"0", "process_pending_decryption":"0", "process_success":"130", "total":"130"}}
{"logTime": "0428/201857", "correlationVector":"+cW7RPGYIe/5VlJ2s2Crcq.3","action":"GetUpdates Response", "result":"Success", "context":Received 130 update(s). cV=+cW7RPGYIe/5VlJ2s2Crcq.0;server=akswtt10400000b;cloudType=Consumer;environment=Prod_southindia_prod-s01-004-apac-southindia;migrationStage=NotStarted}
{"logTime": "0428/201857", "correlationVector":"WJC0uMEZWNvrayy4jZ4bWH","action":"Normal GetUpdate request", "result":"", "context":cV=WJC0uMEZWNvrayy4jZ4bWH
Nudged types: Sessions, Device Info
Refresh requested types: Bookmarks, Preferences, Passwords, Autofill Profiles, Autofill, Extensions, Sessions, Extension settings, History Delete Directives, Device Info, User Consents, Send Tab To Self, Web Apps, History, Saved Tab Group, WebAuthn Credentials, Collection, Edge E Drop, Edge Hub App Usage, Edge Wallet, Edge Workspace, Encryption Keys}
{"logTime": "0428/201857", "correlationVector":"WJC0uMEZWNvrayy4jZ4bWH.1","action":"SyncServerConnectionManagerRequest", "result":"SYNC_SERVER_OK", "context":{"environment":"Prod_southindia_prod-s01-004-apac-southindia", "migrationStage":"NotStarted", "server":"akswtt104000000"}}
{"logTime": "0428/201857", "correlationVector":"WJC0uMEZWNvrayy4jZ4bWH.2","action":"GetUpdates Response", "result":"Success", "context":Received 0 update(s). cV=WJC0uMEZWNvrayy4jZ4bWH.0;server=akswtt104000000;cloudType=Consumer;environment=Prod_southindia_prod-s01-004-apac-southindia;migrationStage=NotStarted}
{"logTime": "0428/201858", "correlationVector":"sMOxUS0BQwHNCiHBk9UMfr","action":"Commit Request", "result":"", "context":Item count: 3
Contributing types: Sessions, Device Info}
{"logTime": "0428/201858", "correlationVector":"sMOxUS0BQwHNCiHBk9UMfr.1","action":"SyncServerConnectionManagerRequest", "result":"SYNC_SERVER_OK", "context":{"environment":"Prod_southindia_prod-s01-004-apac-southindia", "migrationStage":"NotStarted", "server":"akswtt10400000v"}}
{"logTime": "0428/201858", "correlationVector":"sMOxUS0BQwHNCiHBk9UMfr.2","action":"Commit Response", "result":"Success", "context":Result: Success. cV=sMOxUS0BQwHNCiHBk9UMfr.0;server=akswtt10400000v;cloudType=Consumer;environment=Prod_southindia_prod-s01-004-apac-southindia;migrationStage=NotStarted}
{"logTime": "0428/202001", "correlationVector":"6cF3eCrWr6kK44lKn8np2Y","action":"Commit Request", "result":"", "context":Item count: 2
Contributing types: Sessions, History}
{"logTime": "0428/202001", "correlationVector":"6cF3eCrWr6kK44lKn8np2Y.1","action":"SyncServerConnectionManagerRequest", "result":"SYNC_SERVER_OK", "context":{"environment":"Prod_southindia_prod-s01-004-apac-southindia", "migrationStage":"NotStarted", "server":"akswtt10400001h"}}
{"logTime": "0428/202001", "correlationVector":"6cF3eCrWr6kK44lKn8np2Y.2","action":"Commit Response", "result":"Success", "context":Result: Success. cV=6cF3eCrWr6kK44lKn8np2Y.0;server=akswtt10400001h;cloudType=Consumer;environment=Prod_southindia_prod-s01-004-apac-southindia;migrationStage=NotStarted}
{"logTime": "0428/202535", "correlationVector":"Go2oIItqVCN85Zvb2nvnOa.1","action":"SyncServerConnectionManagerRequest", "result":"SYNC_SERVER_OK", "context":{"environment":"Prod_southindia_prod-s01-004-apac-southindia", "migrationStage":"NotStarted", "server":"akswtt10400001e"}}
{"logTime": "0428/202535", "correlationVector":"Go2oIItqVCN85Zvb2nvnOa.2","action":"ProcessGetUpdates", "result":"Done", "context":{"dataType":"Encryption Keys", "deleted":"0", "process_failed_to_decrypt":"0", "process_pending_decryption":"0", "process_success":"1", "total":"1"}}
{"logTime": "0428/202536", "correlationVector":"RC0K9ICgN3yJGMe1w8acYX","action":"SyncServerConnectionManagerRequest", "result":"SYNC_SERVER_OK", "context":{"environment":"", "migrationStage":"", "server":""}}
{"logTime": "0428/202536", "correlationVector":"RC0K9ICgN3yJGMe1w8acYX.0","action":"EncryptionKeysFetcher.DownloadKeys:", "result":"Success", "context":Key count: 4, Last key timestamp: 2026-04-21T05:02:50Z}
{"logTime": "0428/202536", "correlationVector":"RC0K9ICgN3yJGMe1w8acYX.1","action":"EncryptionKeysManager::SetEncryptionKeys:", "result":"Success", "context":Key names[4]:[le3peDdwfNAzvoLfsI9aceb591Q1WsoJQFPM5wHKsT/64GVyf4To2wy9UTt1OrTBbp7sExRMYaIqP7eg+X1QQw==][aa6TpowVx8YPdhaHTblo+Tj8qM8Zt5HiCC61vHsyWugIBVUP1ujvBYn1UnhHw5Ntt03ry6pI417LVkE+t1UDOQ==][z2hmM4bY4CA35v0FgtSNIzk0ORQSLGE4RLcgM0c+B1xtTPCL+17MlOxs+dQLK4BPkGJz8iKg0dG5c3OH9XHbbA==][bS2RYSfc3pa5KcsojSoufXCklTivhxreZRw9fWaEs1CB9Vwwf7c4AHBCeFOI5BkpJYAd/OmVSFGK+R+S06T+jw==]}
{"logTime": "0428/202536", "correlationVector":"RC0K9ICgN3yJGMe1w8acYX.2","action":"EncryptionKeysManager::SetEncryptionKeysWithTimestamps:", "result":"Success", "context":Key timestamps[4]:[2024-10-26T01:57:27Z][2025-04-24T17:36:04Z][2025-10-22T15:44:39Z][2026-04-21T05:02:50Z]}
{"logTime": "0428/202536", "correlationVector":"Go2oIItqVCN85Zvb2nvnOa","action":"Initial GetUpdates", "result":"", "context":Reason: NEW_CLIENT. cV=Go2oIItqVCN85Zvb2nvnOa}
{"logTime": "0428/202536", "correlationVector":"Go2oIItqVCN85Zvb2nvnOa.3","action":"GetUpdates Response", "result":"Success", "context":Received 1 update(s). cV=Go2oIItqVCN85Zvb2nvnOa.0;server=akswtt10400001e;cloudType=Consumer;environment=Prod_southindia_prod-s01-004-apac-southindia;migrationStage=NotStarted}
{"logTime": "0428/202536", "correlationVector":"v6VDBBi9vUm/HuK0d1s2ai","action":"Initial GetUpdates", "result":"", "context":Reason: NEWLY_SUPPORTED_DATATYPE. cV=v6VDBBi9vUm/HuK0d1s2ai}
{"logTime": "0428/202536", "correlationVector":"v6VDBBi9vUm/HuK0d1s2ai.1","action":"SyncServerConnectionManagerRequest", "result":"SYNC_SERVER_OK", "context":{"environment":"Prod_southindia_prod-s01-004-apac-southindia", "migrationStage":"NotStarted", "server":"akswtt10400000b"}}
{"logTime": "0428/202536", "correlationVector":"v6VDBBi9vUm/HuK0d1s2ai.2","action":"ProcessGetUpdates", "result":"Done", "context":{"dataType":"Passwords", "deleted":"0", "process_failed_to_decrypt":"0", "process_pending_decryption":"0", "process_success":"5", "total":"5"}}
{"logTime": "0428/202536", "correlationVector":"v6VDBBi9vUm/HuK0d1s2ai.3","action":"GetUpdates Response", "result":"Success", "context":Received 5 update(s). cV=v6VDBBi9vUm/HuK0d1s2ai.0;server=akswtt10400000b;cloudType=Consumer;environment=Prod_southindia_prod-s01-004-apac-southindia;migrationStage=NotStarted}
{"logTime": "0428/202536", "correlationVector":"xUm7D6aEBGM9k9cWt5DaT2","action":"Normal GetUpdate request", "result":"", "context":cV=xUm7D6aEBGM9k9cWt5DaT2
Nudged types: Sessions, Device Info, History
Refresh requested types: Bookmarks, Preferences, Passwords, Autofill Profiles, Autofill, Extensions, Sessions, Extension settings, History Delete Directives, Device Info, User Consents, Send Tab To Self, Web Apps, History, Saved Tab Group, WebAuthn Credentials, Collection, Edge E Drop, Edge Hub App Usage, Edge Wallet, Edge Workspace, Encryption Keys}
{"logTime": "0428/202537", "correlationVector":"xUm7D6aEBGM9k9cWt5DaT2.1","action":"SyncServerConnectionManagerRequest", "result":"SYNC_SERVER_OK", "context":{"environment":"Prod_southindia_prod-s01-004-apac-southindia", "migrationStage":"NotStarted", "server":"akswtt10400000q"}}
{"logTime": "0428/202537", "correlationVector":"xUm7D6aEBGM9k9cWt5DaT2.2","action":"ProcessGetUpdates", "result":"Done", "context":{"dataType":"Sessions", "deleted":"0", "process_failed_to_decrypt":"0", "process_pending_decryption":"0", "process_success":"2", "total":"2"}}
{"logTime": "0428/202537", "correlationVector":"xUm7D6aEBGM9k9cWt5DaT2.3","action":"ProcessGetUpdates", "result":"Done", "context":{"dataType":"Device Info", "deleted":"0", "process_failed_to_decrypt":"0", "process_pending_decryption":"0", "process_success":"1", "total":"1"}}
{"logTime": "0428/202537", "correlationVector":"xUm7D6aEBGM9k9cWt5DaT2.4","action":"ProcessGetUpdates", "result":"Done", "context":{"dataType":"History", "deleted":"0", "process_failed_to_decrypt":"0", "process_pending_decryption":"0", "process_success":"1", "total":"1"}}
{"logTime": "0428/202537", "correlationVector":"xUm7D6aEBGM9k9cWt5DaT2.5","action":"GetUpdates Response", "result":"Success", "context":Received 4 update(s). cV=xUm7D6aEBGM9k9cWt5DaT2.0;server=akswtt10400000q;cloudType=Consumer;environment=Prod_southindia_prod-s01-004-apac-southindia;migrationStage=NotStarted}
{"logTime": "0428/202537", "correlationVector":"TVQ9+vqTWeBbFYXXuBsGUH","action":"Commit Request", "result":"", "context":Item count: 4
Contributing types: Sessions, Device Info, History}
{"logTime": "0428/202537", "correlationVector":"TVQ9+vqTWeBbFYXXuBsGUH.1","action":"SyncServerConnectionManagerRequest", "result":"SYNC_SERVER_OK", "context":{"environment":"Prod_southindia_prod-s01-004-apac-southindia", "migrationStage":"NotStarted", "server":"akswtt104000015"}}
{"logTime": "0428/202537", "correlationVector":"TVQ9+vqTWeBbFYXXuBsGUH.2","action":"Commit Response", "result":"Success", "context":Result: Success. cV=TVQ9+vqTWeBbFYXXuBsGUH.0;server=akswtt104000015;cloudType=Consumer;environment=Prod_southindia_prod-s01-004-apac-southindia;migrationStage=NotStarted}
{"logTime": "0428/202639", "correlationVector":"HfvSIeogf2qn+KPYkVsCcN","action":"Commit Request", "result":"", "context":Item count: 2
Contributing types: Sessions, History}
{"logTime": "0428/202640", "correlationVector":"HfvSIeogf2qn+KPYkVsCcN.1","action":"SyncServerConnectionManagerRequest", "result":"SYNC_SERVER_OK", "context":{"environment":"Prod_southindia_prod-s01-004-apac-southindia", "migrationStage":"NotStarted", "server":"akswtt10400001i"}}
{"logTime": "0428/202640", "correlationVector":"HfvSIeogf2qn+KPYkVsCcN.2","action":"Commit Response", "result":"Success", "context":Result: Success. cV=HfvSIeogf2qn+KPYkVsCcN.0;server=akswtt10400001i;cloudType=Consumer;environment=Prod_southindia_prod-s01-004-apac-southindia;migrationStage=NotStarted}
